<?xml version="1.0" encoding="UTF-8"?>
<testng-results ignored="0" total="5" passed="5" failed="0" skipped="0">
  <reporter-output>
  </reporter-output>
  <suite started-at="2022-07-28T05:55:22Z" name="Suite" finished-at="2022-07-28T05:55:23Z" duration-ms="461">
    <groups>
      <group name="cucumber">
        <method signature="AbstractTestNGCucumberTests.feature(cucumber.api.testng.CucumberFeatureWrapper)[pri:0, instance:runner_File.TestRunner@1fb669c3]" name="feature" class="cucumber.api.testng.AbstractTestNGCucumberTests"/>
      </group> <!-- cucumber -->
    </groups>
    <test started-at="2022-07-28T05:55:22Z" name="Test" finished-at="2022-07-28T05:55:23Z" duration-ms="461">
      <class name="runner_File.TestRunner">
        <test-method is-config="true" signature="setUpClass()[pri:0, instance:runner_File.TestRunner@1fb669c3]" started-at="2022-07-28T05:55:22Z" name="setUpClass" finished-at="2022-07-28T05:55:23Z" duration-ms="127" status="PASS">
          <reporter-output>
          </reporter-output>
        </test-method> <!-- setUpClass -->
        <test-method signature="feature(cucumber.api.testng.CucumberFeatureWrapper)[pri:0, instance:runner_File.TestRunner@1fb669c3]" started-at="2022-07-28T05:55:23Z" name="feature" description="Runs Cucumber Feature" data-provider="features" finished-at="2022-07-28T05:55:23Z" duration-ms="53" status="PASS">
          <params>
            <param index="0">
              <value>
                <![CDATA[To verify the click functionality of Display_Show_Title option in App section of  DemoApi app.]]>
              </value>
            </param>
          </params>
          <reporter-output>
          </reporter-output>
        </test-method> <!-- feature -->
        <test-method signature="feature(cucumber.api.testng.CucumberFeatureWrapper)[pri:0, instance:runner_File.TestRunner@1fb669c3]" started-at="2022-07-28T05:55:23Z" name="feature" description="Runs Cucumber Feature" data-provider="features" finished-at="2022-07-28T05:55:23Z" duration-ms="6" status="PASS">
          <params>
            <param index="0">
              <value>
                <![CDATA[To verify and check the action of flip button under animation section of the  app.]]>
              </value>
            </param>
          </params>
          <reporter-output>
          </reporter-output>
        </test-method> <!-- feature -->
        <test-method signature="feature(cucumber.api.testng.CucumberFeatureWrapper)[pri:0, instance:runner_File.TestRunner@1fb669c3]" started-at="2022-07-28T05:55:23Z" name="feature" description="Runs Cucumber Feature" data-provider="features" finished-at="2022-07-28T05:55:23Z" duration-ms="12" status="PASS">
          <params>
            <param index="0">
              <value>
                <![CDATA[Featurefile for Animation Related Test]]>
              </value>
            </param>
          </params>
          <reporter-output>
          </reporter-output>
        </test-method> <!-- feature -->
        <test-method signature="feature(cucumber.api.testng.CucumberFeatureWrapper)[pri:0, instance:runner_File.TestRunner@1fb669c3]" started-at="2022-07-28T05:55:23Z" name="feature" description="Runs Cucumber Feature" data-provider="features" finished-at="2022-07-28T05:55:23Z" duration-ms="7" status="PASS">
          <params>
            <param index="0">
              <value>
                <![CDATA[To verify the SMS Messaging functionality in DemoApi app.]]>
              </value>
            </param>
          </params>
          <reporter-output>
          </reporter-output>
        </test-method> <!-- feature -->
        <test-method signature="feature(cucumber.api.testng.CucumberFeatureWrapper)[pri:0, instance:runner_File.TestRunner@1fb669c3]" started-at="2022-07-28T05:55:23Z" name="feature" description="Runs Cucumber Feature" data-provider="features" finished-at="2022-07-28T05:55:23Z" duration-ms="5" status="PASS">
          <params>
            <param index="0">
              <value>
                <![CDATA[Swipe_to_view_Images]]>
              </value>
            </param>
          </params>
          <reporter-output>
          </reporter-output>
        </test-method> <!-- feature -->
        <test-method is-config="true" signature="tearDownClass()[pri:0, instance:runner_File.TestRunner@1fb669c3]" started-at="2022-07-28T05:55:23Z" name="tearDownClass" finished-at="2022-07-28T05:55:23Z" duration-ms="77" status="PASS">
          <reporter-output>
          </reporter-output>
        </test-method> <!-- tearDownClass -->
      </class> <!-- runner_File.TestRunner -->
    </test> <!-- Test -->
  </suite> <!-- Suite -->
</testng-results>
